0 info it worked if it ends with ok
1 verbose cli [ 'C:\\Program Files\\nodejs\\node.exe',
1 verbose cli   'C:\\Users\\sampsonwang\\AppData\\Roaming\\nvm\\v5.7.1\\node_modules\\@tencent\\tnpm\\node_modules\\npm\\bin\\npm-cli.js',
1 verbose cli   '--no-shrinkwrap',
1 verbose cli   '--proxy=http://r.tnpm.oa.com:80',
1 verbose cli   '--userconfig=C:\\Users\\sampsonwang\\.tnpmrc',
1 verbose cli   '--disturl=http://tnpm.oa.com/mirrors/node',
1 verbose cli   '--cache=C:\\Users\\sampsonwang\\.tnpm',
1 verbose cli   '--registry=http://r.tnpm.oa.com',
1 verbose cli   '--node-gyp=C:\\Users\\sampsonwang\\AppData\\Roaming\\nvm\\v5.7.1\\node_modules\\@tencent\\tnpm\\node_modules\\node-gyp\\bin\\node-gyp.js',
1 verbose cli   'install',
1 verbose cli   'node-inspecter' ]
2 info using npm@3.8.9
3 info using node@v5.7.1
4 silly loadCurrentTree Starting
5 silly install loadCurrentTree
6 silly install readLocalPackageData
7 silly fetchPackageMetaData node-inspecter
8 silly fetchNamedPackageData node-inspecter
9 silly mapToRegistry name node-inspecter
10 silly mapToRegistry using default registry
11 silly mapToRegistry registry http://r.tnpm.oa.com/
12 silly mapToRegistry data Result {
12 silly mapToRegistry   raw: 'node-inspecter',
12 silly mapToRegistry   scope: null,
12 silly mapToRegistry   name: 'node-inspecter',
12 silly mapToRegistry   rawSpec: '',
12 silly mapToRegistry   spec: 'latest',
12 silly mapToRegistry   type: 'tag' }
13 silly mapToRegistry uri http://r.tnpm.oa.com/node-inspecter
14 verbose request uri http://r.tnpm.oa.com/node-inspecter
15 verbose request no auth needed
16 info attempt registry request try #1 at 11:56:17
17 verbose request id d2c92a681480f6bb
18 http request GET http://r.tnpm.oa.com/node-inspecter
19 info retry will retry, error on last attempt: Error: tunneling socket could not be established, cause=Parse Error
20 info attempt registry request try #2 at 11:56:27
21 http request GET http://r.tnpm.oa.com/node-inspecter
22 info retry will retry, error on last attempt: Error: tunneling socket could not be established, cause=Parse Error
23 info attempt registry request try #3 at 11:57:27
24 http request GET http://r.tnpm.oa.com/node-inspecter
25 silly fetchPackageMetaData Error: tunneling socket could not be established, cause=Parse Error
25 silly fetchPackageMetaData     at ClientRequest.onError (C:\Users\sampsonwang\AppData\Roaming\nvm\v5.7.1\node_modules\@tencent\tnpm\node_modules\npm\node_modules\request\node_modules\tunnel-agent\index.js:176:17)
25 silly fetchPackageMetaData     at ClientRequest.g (events.js:273:16)
25 silly fetchPackageMetaData     at emitOne (events.js:90:13)
25 silly fetchPackageMetaData     at ClientRequest.emit (events.js:182:7)
25 silly fetchPackageMetaData     at Socket.socketOnData (_http_client.js:353:9)
25 silly fetchPackageMetaData     at emitOne (events.js:90:13)
25 silly fetchPackageMetaData     at Socket.emit (events.js:182:7)
25 silly fetchPackageMetaData     at readableAddChunk (_stream_readable.js:153:18)
25 silly fetchPackageMetaData     at Socket.Readable.push (_stream_readable.js:111:10)
25 silly fetchPackageMetaData     at TCP.onread (net.js:529:20)
25 silly fetchPackageMetaData  error for node-inspecter { [Error: tunneling socket could not be established, cause=Parse Error] code: 'ECONNRESET' }
26 silly rollbackFailedOptional Starting
27 silly rollbackFailedOptional Finishing
28 silly runTopLevelLifecycles Starting
29 silly runTopLevelLifecycles Finishing
30 silly install printInstalled
31 verbose stack Error: tunneling socket could not be established, cause=Parse Error
31 verbose stack     at ClientRequest.onError (C:\Users\sampsonwang\AppData\Roaming\nvm\v5.7.1\node_modules\@tencent\tnpm\node_modules\npm\node_modules\request\node_modules\tunnel-agent\index.js:176:17)
31 verbose stack     at ClientRequest.g (events.js:273:16)
31 verbose stack     at emitOne (events.js:90:13)
31 verbose stack     at ClientRequest.emit (events.js:182:7)
31 verbose stack     at Socket.socketOnData (_http_client.js:353:9)
31 verbose stack     at emitOne (events.js:90:13)
31 verbose stack     at Socket.emit (events.js:182:7)
31 verbose stack     at readableAddChunk (_stream_readable.js:153:18)
31 verbose stack     at Socket.Readable.push (_stream_readable.js:111:10)
31 verbose stack     at TCP.onread (net.js:529:20)
32 verbose cwd E:\workspace\git_project\robot
33 error Windows_NT 6.1.7601
34 error argv "C:\\Program Files\\nodejs\\node.exe" "C:\\Users\\sampsonwang\\AppData\\Roaming\\nvm\\v5.7.1\\node_modules\\@tencent\\tnpm\\node_modules\\npm\\bin\\npm-cli.js" "--no-shrinkwrap" "--proxy=http://r.tnpm.oa.com:80" "--userconfig=C:\\Users\\sampsonwang\\.tnpmrc" "--disturl=http://tnpm.oa.com/mirrors/node" "--cache=C:\\Users\\sampsonwang\\.tnpm" "--registry=http://r.tnpm.oa.com" "--node-gyp=C:\\Users\\sampsonwang\\AppData\\Roaming\\nvm\\v5.7.1\\node_modules\\@tencent\\tnpm\\node_modules\\node-gyp\\bin\\node-gyp.js" "install" "node-inspecter"
35 error node v5.7.1
36 error npm  v3.8.9
37 error code ECONNRESET
38 error network tunneling socket could not be established, cause=Parse Error
39 error network This is most likely not a problem with npm itself
39 error network and is related to network connectivity.
39 error network In most cases you are behind a proxy or have bad network settings.
39 error network
39 error network If you are behind a proxy, please make sure that the
39 error network 'proxy' config is set properly.  See: 'npm help config'
40 verbose exit [ 1, true ]
